[  4382.967] 
X.Org X Server 1.20.14
X Protocol Version 11, Revision 0
[  4382.967] Build Operating System:  6.1.5-200.fc37.x86_64 
[  4382.967] Current Operating System: Linux fedora 6.1.7-200.fc37.x86_64 #1 SMP PREEMPT_DYNAMIC Wed Jan 18 17:11:49 UTC 2023 x86_64
[  4382.967] Kernel command line: BOOT_IMAGE=(hd3,gpt2)/vmlinuz-6.1.7-200.fc37.x86_64 root=/dev/mapper/vg_0-lv_2_fedora37_root ro resume=UUID=ab8137e2-4bee-4ca7-a952-88920e520759 rd.lvm.lv=vg_0/lv_2_fedora37_root rhgb quiet rd.driver.blacklist=nouveau modprobe.blacklist=nouveau nvidia-drm.modeset=1 initcall_blacklist=simpledrm_platform_driver_init
[  4382.967] Build Date: 13 January 2023  12:00:00AM
[  4382.967] Build ID: xorg-x11-server 1.20.14-15.fc37 
[  4382.968] Current version of pixman: 0.40.0
[  4382.968] 	Before reporting problems, check http://wiki.x.org
	to make sure that you have the latest version.
[  4382.968] Markers: (--) probed, (**) from config file, (==) default setting,
	(++) from command line, (!!) notice, (II) informational,
	(WW) warning, (EE) error, (NI) not implemented, (??) unknown.
[  4382.968] (==) Log file: "/home/user/.local/share/xorg/Xorg.0.log", Time: Sun Feb 19 14:17:09 2023
[  4382.968] (==) Using config file: "/etc/X11/xorg.conf"
[  4382.968] (==) Using config directory: "/etc/X11/xorg.conf.d"
[  4382.968] (==) Using system config directory "/usr/share/X11/xorg.conf.d"
[  4382.969] (==) ServerLayout "Layout0"
[  4382.969] (**) |-->Screen "Screen0" (0)
[  4382.969] (**) |   |-->Monitor "Monitor0"
[  4382.969] (**) |   |-->Device "Device0"
[  4382.969] (**) |-->Input Device "Keyboard0"
[  4382.969] (**) |-->Input Device "Mouse0"
[  4382.969] (**) Option "Xinerama" "0"
[  4382.969] (==) Automatically adding devices
[  4382.969] (==) Automatically enabling devices
[  4382.969] (==) Automatically adding GPU devices
[  4382.969] (==) Automatically binding GPU devices
[  4382.970] (==) Max clients allowed: 256, resource mask: 0x1fffff
[  4382.970] (==) FontPath set to:
	catalogue:/etc/X11/fontpath.d,
	built-ins
[  4382.970] (==) ModulePath set to "/usr/lib64/xorg/modules"
[  4382.970] (WW) Hotplugging is on, devices using drivers 'kbd', 'mouse' or 'vmmouse' will be disabled.
[  4382.970] (WW) Disabling Keyboard0
[  4382.970] (WW) Disabling Mouse0
[  4382.970] (II) Loader magic: 0x55714e4b3a40
[  4382.970] (II) Module ABI versions:
[  4382.970] 	X.Org ANSI C Emulation: 0.4
[  4382.970] 	X.Org Video Driver: 24.1
[  4382.970] 	X.Org XInput driver : 24.1
[  4382.970] 	X.Org Server Extension : 10.0
[  4382.970] (++) using VT number 1

[  4382.971] (II) systemd-logind: took control of session /org/freedesktop/login1/session/_31
[  4382.971] (II) xfree86: Adding drm device (/dev/dri/card0)
[  4382.971] (II) systemd-logind: got fd for /dev/dri/card0 226:0 fd 13 paused 0
[  4382.974] (--) PCI: (3@0:0:0) bdbd:a144:bdbd:a144 rev 0, Mem @ 0xfc600000/1048576, BIOS @ 0x????????/65536
[  4382.974] (--) PCI:*(7@0:0:0) 10de:2208:3842:3967 rev 161, Mem @ 0xfb000000/16777216, 0x7800000000/17179869184, 0x7c00000000/33554432, I/O @ 0x0000f000/128, BIOS @ 0x????????/65536
[  4382.974] (II) LoadModule: "glx"
[  4382.974] (II) Loading /usr/lib64/xorg/modules/extensions/libglx.so
[  4382.978] (II) Module glx: vendor="X.Org Foundation"
[  4382.978] 	compiled for 1.20.14, module version = 1.0.0
[  4382.978] 	ABI class: X.Org Server Extension, version 10.0
[  4382.978] (II) LoadModule: "nvidia"
[  4382.978] (II) Loading /usr/lib64/xorg/modules/drivers/nvidia_drv.so
[  4382.981] (II) Module nvidia: vendor="NVIDIA Corporation"
[  4382.981] 	compiled for 1.6.99.901, module version = 1.0.0
[  4382.981] 	Module class: X.Org Video Driver
[  4382.981] (II) NVIDIA dlloader X Driver  525.85.05  Sat Jan 14 00:47:44 UTC 2023
[  4382.981] (II) NVIDIA Unified Driver for all Supported NVIDIA GPUs
[  4382.981] (II) systemd-logind: releasing fd for 226:0
[  4382.982] (II) Loading sub module "fb"
[  4382.982] (II) LoadModule: "fb"
[  4382.982] (II) Loading /usr/lib64/xorg/modules/libfb.so
[  4382.982] (II) Module fb: vendor="X.Org Foundation"
[  4382.982] 	compiled for 1.20.14, module version = 1.0.0
[  4382.982] 	ABI class: X.Org ANSI C Emulation, version 0.4
[  4382.982] (II) Loading sub module "wfb"
[  4382.982] (II) LoadModule: "wfb"
[  4382.982] (II) Loading /usr/lib64/xorg/modules/libwfb.so
[  4382.982] (II) Module wfb: vendor="X.Org Foundation"
[  4382.982] 	compiled for 1.20.14, module version = 1.0.0
[  4382.982] 	ABI class: X.Org ANSI C Emulation, version 0.4
[  4382.982] (II) Loading sub module "ramdac"
[  4382.982] (II) LoadModule: "ramdac"
[  4382.982] (II) Module "ramdac" already built-in
[  4382.985] (WW) VGA arbiter: cannot open kernel arbiter, no multi-card support
[  4382.985] (**) NVIDIA(0): Depth 24, (--) framebuffer bpp 32
[  4382.985] (==) NVIDIA(0): RGB weight 888
[  4382.985] (==) NVIDIA(0): Default visual is TrueColor
[  4382.985] (==) NVIDIA(0): Using gamma correction (1.0, 1.0, 1.0)
[  4382.985] (**) NVIDIA(0): Option "Stereo" "0"
[  4382.985] (**) NVIDIA(0): Option "nvidiaXineramaInfoOrder" "DFP-0"
[  4382.985] (**) NVIDIA(0): Option "SLI" "Off"
[  4382.985] (**) NVIDIA(0): Option "MultiGPU" "Off"
[  4382.985] (**) NVIDIA(0): Option "BaseMosaic" "off"
[  4382.985] (**) NVIDIA(0): Stereo disabled by request
[  4382.985] (**) NVIDIA(0): NVIDIA SLI disabled.
[  4382.985] (**) NVIDIA(0): NVIDIA Multi-GPU disabled.
[  4382.985] (**) NVIDIA(0): Option "MetaModes" "DP-0: nvidia-auto-select +2560+0, HDMI-0: nvidia-auto-select +0+0"
[  4382.985] (**) NVIDIA(0): Enabling 2D acceleration
[  4382.985] (II) Loading sub module "glxserver_nvidia"
[  4382.985] (II) LoadModule: "glxserver_nvidia"
[  4382.985] (II) Loading /usr/lib64/xorg/modules/extensions/libglxserver_nvidia.so
[  4383.006] (II) Module glxserver_nvidia: vendor="NVIDIA Corporation"
[  4383.006] 	compiled for 1.6.99.901, module version = 1.0.0
[  4383.006] 	Module class: X.Org Server Extension
[  4383.006] (II) NVIDIA GLX Module  525.85.05  Sat Jan 14 00:45:09 UTC 2023
[  4383.007] (II) NVIDIA: The X server supports PRIME Render Offload.
[  4383.009] (--) NVIDIA(0): Valid display device(s) on GPU-0 at PCI:7:0:0
[  4383.009] (--) NVIDIA(0):     DFP-0
[  4383.009] (--) NVIDIA(0):     DFP-1 (boot)
[  4383.009] (--) NVIDIA(0):     DFP-2
[  4383.009] (--) NVIDIA(0):     DFP-3
[  4383.009] (--) NVIDIA(0):     DFP-4
[  4383.009] (--) NVIDIA(0):     DFP-5
[  4383.009] (--) NVIDIA(0):     DFP-6
[  4383.010] (II) NVIDIA(0): NVIDIA GPU NVIDIA GeForce RTX 3080 Ti (GA102-A) at PCI:7:0:0
[  4383.010] (II) NVIDIA(0):     (GPU-0)
[  4383.010] (--) NVIDIA(0): Memory: 12582912 kBytes
[  4383.010] (--) NVIDIA(0): VideoBIOS: 94.02.71.80.74
[  4383.010] (II) NVIDIA(0): Detected PCI Express Link width: 16X
[  4383.054] (--) NVIDIA(GPU-0): HAT Kamvas 24plus (DFP-0): connected
[  4383.054] (--) NVIDIA(GPU-0): HAT Kamvas 24plus (DFP-0): Internal TMDS
[  4383.054] (--) NVIDIA(GPU-0): HAT Kamvas 24plus (DFP-0): 600.0 MHz maximum pixel clock
[  4383.054] (--) NVIDIA(GPU-0): 
[  4383.054] (--) NVIDIA(GPU-0): BenQ PD2700U (DFP-1): connected
[  4383.054] (--) NVIDIA(GPU-0): BenQ PD2700U (DFP-1): Internal DisplayPort
[  4383.054] (--) NVIDIA(GPU-0): BenQ PD2700U (DFP-1): 2670.0 MHz maximum pixel clock
[  4383.054] (--) NVIDIA(GPU-0): 
[  4383.062] (--) NVIDIA(GPU-0): DFP-2: disconnected
[  4383.062] (--) NVIDIA(GPU-0): DFP-2: Internal TMDS
[  4383.062] (--) NVIDIA(GPU-0): DFP-2: 165.0 MHz maximum pixel clock
[  4383.062] (--) NVIDIA(GPU-0): 
[  4383.062] (--) NVIDIA(GPU-0): DFP-3: disconnected
[  4383.062] (--) NVIDIA(GPU-0): DFP-3: Internal DisplayPort
[  4383.062] (--) NVIDIA(GPU-0): DFP-3: 2670.0 MHz maximum pixel clock
[  4383.062] (--) NVIDIA(GPU-0): 
[  4383.062] (--) NVIDIA(GPU-0): DFP-4: disconnected
[  4383.062] (--) NVIDIA(GPU-0): DFP-4: Internal TMDS
[  4383.062] (--) NVIDIA(GPU-0): DFP-4: 165.0 MHz maximum pixel clock
[  4383.062] (--) NVIDIA(GPU-0): 
[  4383.062] (--) NVIDIA(GPU-0): DFP-5: disconnected
[  4383.062] (--) NVIDIA(GPU-0): DFP-5: Internal DisplayPort
[  4383.062] (--) NVIDIA(GPU-0): DFP-5: 2670.0 MHz maximum pixel clock
[  4383.062] (--) NVIDIA(GPU-0): 
[  4383.062] (--) NVIDIA(GPU-0): DFP-6: disconnected
[  4383.062] (--) NVIDIA(GPU-0): DFP-6: Internal TMDS
[  4383.062] (--) NVIDIA(GPU-0): DFP-6: 165.0 MHz maximum pixel clock
[  4383.062] (--) NVIDIA(GPU-0): 
[  4383.140] (II) NVIDIA(0): Validated MetaModes:
[  4383.140] (II) NVIDIA(0):    
[  4383.140] (II) NVIDIA(0):     "DP-0:nvidia-auto-select+2560+0,HDMI-0:nvidia-auto-select+0+0"
[  4383.140] (II) NVIDIA(0): Virtual screen size determined to be 6400 x 2160
[  4383.175] (--) NVIDIA(0): DPI set to (122, 126); computed from "UseEdidDpi" X config
[  4383.175] (--) NVIDIA(0):     option
[  4383.175] (WW) NVIDIA: Failed to bind sideband socket to
[  4383.175] (WW) NVIDIA:     '/var/run/nvidia-xdriver-78a023cf' Permission denied
[  4383.175] (II) NVIDIA: Reserving 24576.00 MB of virtual memory for indirect memory
[  4383.175] (II) NVIDIA:     access.
[  4383.178] (II) NVIDIA(0): ACPI: failed to connect to the ACPI event daemon; the daemon
[  4383.178] (II) NVIDIA(0):     may not be running or the "AcpidSocketPath" X
[  4383.178] (II) NVIDIA(0):     configuration option may not be set correctly.  When the
[  4383.178] (II) NVIDIA(0):     ACPI event daemon is available, the NVIDIA X driver will
[  4383.178] (II) NVIDIA(0):     try to use it to receive ACPI event notifications.  For
[  4383.178] (II) NVIDIA(0):     details, please see the "ConnectToAcpid" and
[  4383.178] (II) NVIDIA(0):     "AcpidSocketPath" X configuration options in Appendix B: X
[  4383.178] (II) NVIDIA(0):     Config Options in the README.
[  4383.201] (II) NVIDIA(0): Setting mode "DP-0:nvidia-auto-select+2560+0,HDMI-0:nvidia-auto-select+0+0"
[  4383.318] (==) NVIDIA(0): Disabling shared memory pixmaps
[  4383.318] (==) NVIDIA(0): Backing store enabled
[  4383.318] (==) NVIDIA(0): Silken mouse enabled
[  4383.319] (**) NVIDIA(0): DPMS enabled
[  4383.319] (II) Loading sub module "dri2"
[  4383.319] (II) LoadModule: "dri2"
[  4383.319] (II) Module "dri2" already built-in
[  4383.319] (II) NVIDIA(0): [DRI2] Setup complete
[  4383.319] (II) NVIDIA(0): [DRI2]   VDPAU driver: nvidia
[  4383.319] (II) Initializing extension Generic Event Extension
[  4383.319] (II) Initializing extension SHAPE
[  4383.319] (II) Initializing extension MIT-SHM
[  4383.320] (II) Initializing extension XInputExtension
[  4383.320] (II) Initializing extension XTEST
[  4383.320] (II) Initializing extension BIG-REQUESTS
[  4383.320] (II) Initializing extension SYNC
[  4383.320] (II) Initializing extension XKEYBOARD
[  4383.320] (II) Initializing extension XC-MISC
[  4383.320] (II) Initializing extension SECURITY
[  4383.320] (II) Initializing extension XFIXES
[  4383.320] (II) Initializing extension RENDER
[  4383.320] (II) Initializing extension RANDR
[  4383.320] (II) Initializing extension COMPOSITE
[  4383.320] (II) Initializing extension DAMAGE
[  4383.320] (II) Initializing extension MIT-SCREEN-SAVER
[  4383.320] (II) Initializing extension DOUBLE-BUFFER
[  4383.320] (II) Initializing extension RECORD
[  4383.320] (II) Initializing extension DPMS
[  4383.321] (II) Initializing extension Present
[  4383.321] (II) Initializing extension DRI3
[  4383.321] (II) Initializing extension X-Resource
[  4383.321] (II) Initializing extension XVideo
[  4383.321] (II) Initializing extension XVideo-MotionCompensation
[  4383.321] (II) Initializing extension SELinux
[  4383.321] (II) SELinux: Disabled by boolean
[  4383.321] (II) Initializing extension GLX
[  4383.321] (II) Initializing extension GLX
[  4383.321] (II) Indirect GLX disabled.
[  4383.321] (II) GLX: Another vendor is already registered for screen 0
[  4383.321] (II) Initializing extension XFree86-VidModeExtension
[  4383.321] (II) Initializing extension XFree86-DGA
[  4383.321] (II) Initializing extension DRI2
[  4383.321] (II) Initializing extension NV-GLX
[  4383.321] (II) Initializing extension NV-CONTROL
[  4383.321] (II) Initializing extension XINERAMA
[  4383.359] (II) config/udev: Adding input device Power Button (/dev/input/event1)
[  4383.359] (**) Power Button: Applying InputClass "evdev keyboard catchall"
[  4383.359] (**) Power Button: Applying InputClass "libinput keyboard catchall"
[  4383.359] (**) Power Button: Applying InputClass "system-keyboard"
[  4383.359] (II) LoadModule: "libinput"
[  4383.359] (II) Loading /usr/lib64/xorg/modules/input/libinput_drv.so
[  4383.360] (II) Module libinput: vendor="X.Org Foundation"
[  4383.360] 	compiled for 1.20.14, module version = 1.2.1
[  4383.360] 	Module class: X.Org XInput Driver
[  4383.360] 	ABI class: X.Org XInput driver, version 24.1
[  4383.360] (II) Using input driver 'libinput' for 'Power Button'
[  4383.361] (II) systemd-logind: got fd for /dev/input/event1 13:65 fd 37 paused 0
[  4383.361] (**) Power Button: always reports core events
[  4383.361] (**) Option "Device" "/dev/input/event1"
[  4383.363] (II) event1  - Power Button: is tagged by udev as: Keyboard
[  4383.363] (II) event1  - Power Button: device is a keyboard
[  4383.363] (II) event1  - Power Button: device removed
[  4383.363] (**) Option "config_info" "udev:/sys/devices/LNXSYSTM:00/LNXPWRBN:00/input/input1/event1"
[  4383.363] (II) XINPUT: Adding extended input device "Power Button" (type: KEYBOARD, id 6)
[  4383.363] (**) Option "xkb_layout" "us"
[  4383.364] (II) event1  - Power Button: is tagged by udev as: Keyboard
[  4383.364] (II) event1  - Power Button: device is a keyboard
[  4383.364] (II) config/udev: Adding input device Power Button (/dev/input/event0)
[  4383.364] (**) Power Button: Applying InputClass "evdev keyboard catchall"
[  4383.364] (**) Power Button: Applying InputClass "libinput keyboard catchall"
[  4383.364] (**) Power Button: Applying InputClass "system-keyboard"
[  4383.364] (II) Using input driver 'libinput' for 'Power Button'
[  4383.364] (II) systemd-logind: got fd for /dev/input/event0 13:64 fd 40 paused 0
[  4383.364] (**) Power Button: always reports core events
[  4383.364] (**) Option "Device" "/dev/input/event0"
[  4383.365] (II) event0  - Power Button: is tagged by udev as: Keyboard
[  4383.365] (II) event0  - Power Button: device is a keyboard
[  4383.365] (II) event0  - Power Button: device removed
[  4383.365] (**) Option "config_info" "udev:/sys/devices/LNXSYSTM:00/LNXSYBUS:00/PNP0C0C:00/input/input0/event0"
[  4383.365] (II) XINPUT: Adding extended input device "Power Button" (type: KEYBOARD, id 7)
[  4383.365] (**) Option "xkb_layout" "us"
[  4383.365] (II) event0  - Power Button: is tagged by udev as: Keyboard
[  4383.365] (II) event0  - Power Button: device is a keyboard
[  4383.366] (II) config/udev: Adding input device HD Pro Webcam C920 (/dev/input/event11)
[  4383.366] (**) HD Pro Webcam C920: Applying InputClass "evdev keyboard catchall"
[  4383.366] (**) HD Pro Webcam C920: Applying InputClass "libinput keyboard catchall"
[  4383.366] (**) HD Pro Webcam C920: Applying InputClass "system-keyboard"
[  4383.366] (II) Using input driver 'libinput' for 'HD Pro Webcam C920'
[  4383.366] (II) systemd-logind: got fd for /dev/input/event11 13:75 fd 41 paused 0
[  4383.366] (**) HD Pro Webcam C920: always reports core events
[  4383.366] (**) Option "Device" "/dev/input/event11"
[  4383.367] (II) event11 - HD Pro Webcam C920: is tagged by udev as: Keyboard
[  4383.367] (II) event11 - HD Pro Webcam C920: device is a keyboard
[  4383.367] (II) event11 - HD Pro Webcam C920: device removed
[  4383.367] (**) Option "config_info" "udev:/sys/devices/pci0000:00/0000:00:01.2/0000:01:00.0/usb1/1-9/1-9:1.0/input/input14/event11"
[  4383.367] (II) XINPUT: Adding extended input device "HD Pro Webcam C920" (type: KEYBOARD, id 8)
[  4383.367] (**) Option "xkb_layout" "us"
[  4383.367] (II) event11 - HD Pro Webcam C920: is tagged by udev as: Keyboard
[  4383.367] (II) event11 - HD Pro Webcam C920: device is a keyboard
[  4383.368] (II) config/udev: Adding input device HDA NVidia HDMI/DP,pcm=3 (/dev/input/event12)
[  4383.368] (II) No input driver specified, ignoring this device.
[  4383.368] (II) This device may have been added with another device file.
[  4383.368] (II) config/udev: Adding input device HDA NVidia HDMI/DP,pcm=7 (/dev/input/event13)
[  4383.368] (II) No input driver specified, ignoring this device.
[  4383.368] (II) This device may have been added with another device file.
[  4383.368] (II) config/udev: Adding input device HDA NVidia HDMI/DP,pcm=8 (/dev/input/event14)
[  4383.368] (II) No input driver specified, ignoring this device.
[  4383.368] (II) This device may have been added with another device file.
[  4383.368] (II) config/udev: Adding input device HDA NVidia HDMI/DP,pcm=9 (/dev/input/event15)
[  4383.368] (II) No input driver specified, ignoring this device.
[  4383.368] (II) This device may have been added with another device file.
[  4383.369] (II) config/udev: Adding input device HID Keyboard HID Keyboard (/dev/input/event2)
[  4383.369] (**) HID Keyboard HID Keyboard: Applying InputClass "evdev keyboard catchall"
[  4383.369] (**) HID Keyboard HID Keyboard: Applying InputClass "libinput keyboard catchall"
[  4383.369] (**) HID Keyboard HID Keyboard: Applying InputClass "system-keyboard"
[  4383.369] (II) Using input driver 'libinput' for 'HID Keyboard HID Keyboard'
[  4383.369] (II) systemd-logind: got fd for /dev/input/event2 13:66 fd 42 paused 0
[  4383.369] (**) HID Keyboard HID Keyboard: always reports core events
[  4383.369] (**) Option "Device" "/dev/input/event2"
[  4383.369] (II) event2  - HID Keyboard HID Keyboard: is tagged by udev as: Keyboard
[  4383.370] (II) event2  - HID Keyboard HID Keyboard: device is a keyboard
[  4383.370] (II) event2  - HID Keyboard HID Keyboard: device removed
[  4383.370] (**) Option "config_info" "udev:/sys/devices/pci0000:00/0000:00:08.1/0000:09:00.3/usb3/3-1/3-1:1.0/0003:04B4:0510.0001/input/input2/event2"
[  4383.370] (II) XINPUT: Adding extended input device "HID Keyboard HID Keyboard" (type: KEYBOARD, id 9)
[  4383.370] (**) Option "xkb_layout" "us"
[  4383.370] (II) event2  - HID Keyboard HID Keyboard: is tagged by udev as: Keyboard
[  4383.370] (II) event2  - HID Keyboard HID Keyboard: device is a keyboard
[  4383.371] (II) config/udev: Adding input device HID Keyboard HID Keyboard (/dev/input/event3)
[  4383.371] (**) HID Keyboard HID Keyboard: Applying InputClass "evdev keyboard catchall"
[  4383.371] (**) HID Keyboard HID Keyboard: Applying InputClass "libinput keyboard catchall"
[  4383.371] (**) HID Keyboard HID Keyboard: Applying InputClass "system-keyboard"
[  4383.371] (II) Using input driver 'libinput' for 'HID Keyboard HID Keyboard'
[  4383.371] (II) systemd-logind: got fd for /dev/input/event3 13:67 fd 43 paused 0
[  4383.371] (**) HID Keyboard HID Keyboard: always reports core events
[  4383.371] (**) Option "Device" "/dev/input/event3"
[  4383.372] (II) event3  - HID Keyboard HID Keyboard: is tagged by udev as: Keyboard
[  4383.372] (II) event3  - HID Keyboard HID Keyboard: device is a keyboard
[  4383.372] (II) event3  - HID Keyboard HID Keyboard: device removed
[  4383.372] (II) libinput: HID Keyboard HID Keyboard: needs a virtual subdevice
[  4383.372] (**) Option "config_info" "udev:/sys/devices/pci0000:00/0000:00:08.1/0000:09:00.3/usb3/3-1/3-1:1.1/0003:04B4:0510.0002/input/input3/event3"
[  4383.372] (II) XINPUT: Adding extended input device "HID Keyboard HID Keyboard" (type: MOUSE, id 10)
[  4383.372] (**) Option "AccelerationScheme" "none"
[  4383.372] (**) HID Keyboard HID Keyboard: (accel) selected scheme none/0
[  4383.372] (**) HID Keyboard HID Keyboard: (accel) acceleration factor: 2.000
[  4383.372] (**) HID Keyboard HID Keyboard: (accel) acceleration threshold: 4
[  4383.373] (II) event3  - HID Keyboard HID Keyboard: is tagged by udev as: Keyboard
[  4383.373] (II) event3  - HID Keyboard HID Keyboard: device is a keyboard
[  4383.373] (II) config/udev: Adding input device Microsoft Microsoft 3-Button Mouse with IntelliEye(TM) (/dev/input/event4)
[  4383.373] (**) Microsoft Microsoft 3-Button Mouse with IntelliEye(TM): Applying InputClass "evdev pointer catchall"
[  4383.373] (**) Microsoft Microsoft 3-Button Mouse with IntelliEye(TM): Applying InputClass "libinput pointer catchall"
[  4383.373] (II) Using input driver 'libinput' for 'Microsoft Microsoft 3-Button Mouse with IntelliEye(TM)'
[  4383.426] (II) systemd-logind: got fd for /dev/input/event4 13:68 fd 44 paused 0
[  4383.426] (**) Microsoft Microsoft 3-Button Mouse with IntelliEye(TM): always reports core events
[  4383.426] (**) Option "Device" "/dev/input/event4"
[  4383.426] (II) event4  - Microsoft Microsoft 3-Button Mouse with IntelliEye(TM): is tagged by udev as: Mouse
[  4383.426] (II) event4  - Microsoft Microsoft 3-Button Mouse with IntelliEye(TM): device is a pointer
[  4383.426] (II) event4  - Microsoft Microsoft 3-Button Mouse with IntelliEye(TM): device removed
[  4383.426] (**) Option "config_info" "udev:/sys/devices/pci0000:00/0000:00:08.1/0000:09:00.3/usb3/3-3/3-3:1.0/0003:045E:0040.0003/input/input4/event4"
[  4383.426] (II) XINPUT: Adding extended input device "Microsoft Microsoft 3-Button Mouse with IntelliEye(TM)" (type: MOUSE, id 11)
[  4383.427] (**) Option "AccelerationScheme" "none"
[  4383.427] (**) Microsoft Microsoft 3-Button Mouse with IntelliEye(TM): (accel) selected scheme none/0
[  4383.427] (**) Microsoft Microsoft 3-Button Mouse with IntelliEye(TM): (accel) acceleration factor: 2.000
[  4383.427] (**) Microsoft Microsoft 3-Button Mouse with IntelliEye(TM): (accel) acceleration threshold: 4
[  4383.427] (II) event4  - Microsoft Microsoft 3-Button Mouse with IntelliEye(TM): is tagged by udev as: Mouse
[  4383.427] (II) event4  - Microsoft Microsoft 3-Button Mouse with IntelliEye(TM): device is a pointer
[  4383.428] (II) config/udev: Adding input device Microsoft Microsoft 3-Button Mouse with IntelliEye(TM) (/dev/input/mouse0)
[  4383.428] (II) No input driver specified, ignoring this device.
[  4383.428] (II) This device may have been added with another device file.
[  4383.428] (II) config/udev: Adding input device Huion Tablet_GS2402 Dial (/dev/input/event8)
[  4383.428] (**) Huion Tablet_GS2402 Dial: Applying InputClass "evdev keyboard catchall"
[  4383.428] (**) Huion Tablet_GS2402 Dial: Applying InputClass "evdev tablet catchall"
[  4383.428] (**) Huion Tablet_GS2402 Dial: Applying InputClass "libinput keyboard catchall"
[  4383.428] (**) Huion Tablet_GS2402 Dial: Applying InputClass "libinput tablet catchall"
[  4383.428] (**) Huion Tablet_GS2402 Dial: Applying InputClass "system-keyboard"
[  4383.428] (II) Using input driver 'libinput' for 'Huion Tablet_GS2402 Dial'
[  4383.480] (II) systemd-logind: got fd for /dev/input/event8 13:72 fd 45 paused 0
[  4383.480] (**) Huion Tablet_GS2402 Dial: always reports core events
[  4383.480] (**) Option "Device" "/dev/input/event8"
[  4383.480] (II) event8  - Huion Tablet_GS2402 Dial: is tagged by udev as: Keyboard Tablet
[  4383.517] (EE) event8  - Huion Tablet_GS2402 Dial: libinput bug: missing tablet capabilities: pen btn-stylus resolution. Ignoring this device.
[  4383.517] (II) event8  - Huion Tablet_GS2402 Dial: device is a tablet
[  4383.517] (II) event8  - failed to create input device '/dev/input/event8'.
[  4383.517] (EE) libinput: Huion Tablet_GS2402 Dial: Failed to create a device for /dev/input/event8
[  4383.517] (EE) PreInit returned 2 for "Huion Tablet_GS2402 Dial"
[  4383.517] (II) UnloadModule: "libinput"
[  4383.517] (II) systemd-logind: releasing fd for 13:72
[  4383.544] (II) config/udev: Adding input device Huion Tablet_GS2402 Dial (/dev/input/js2)
[  4383.544] (**) Huion Tablet_GS2402 Dial: Applying InputClass "system-keyboard"
[  4383.544] (II) No input driver specified, ignoring this device.
[  4383.544] (II) This device may have been added with another device file.
[  4383.544] (II) config/udev: Adding input device Huion Tablet_GS2402 Dial (/dev/input/mouse2)
[  4383.544] (**) Huion Tablet_GS2402 Dial: Applying InputClass "system-keyboard"
[  4383.544] (II) No input driver specified, ignoring this device.
[  4383.544] (II) This device may have been added with another device file.
[  4383.545] (II) config/udev: Adding input device Huion Tablet_GS2402 Pen (/dev/input/event5)
[  4383.545] (**) Huion Tablet_GS2402 Pen: Applying InputClass "evdev tablet catchall"
[  4383.545] (**) Huion Tablet_GS2402 Pen: Applying InputClass "libinput tablet catchall"
[  4383.545] (II) Using input driver 'libinput' for 'Huion Tablet_GS2402 Pen'
[  4383.597] (II) systemd-logind: got fd for /dev/input/event5 13:69 fd 45 paused 0
[  4383.597] (**) Huion Tablet_GS2402 Pen: always reports core events
[  4383.597] (**) Option "Device" "/dev/input/event5"
[  4383.597] (II) event5  - Huion Tablet_GS2402 Pen: is tagged by udev as: Tablet
[  4383.608] (II) event5  - Huion Tablet_GS2402 Pen: device is a tablet
[  4383.609] (II) event5  - Huion Tablet_GS2402 Pen: device removed
[  4383.609] (**) Option "config_info" "udev:/sys/devices/pci0000:00/0000:00:08.1/0000:09:00.3/usb3/3-4/3-4.4/3-4.4:1.0/0003:256C:006D.0005/input/input7/event5"
[  4383.609] (II) XINPUT: Adding extended input device "Huion Tablet_GS2402 Pen" (type: TABLET, id 12)
[  4383.609] (II) event5  - Huion Tablet_GS2402 Pen: is tagged by udev as: Tablet
[  4383.615] (II) event5  - Huion Tablet_GS2402 Pen: device is a tablet
[  4383.615] (II) config/udev: Adding input device Huion Tablet_GS2402 Pen (/dev/input/mouse1)
[  4383.615] (II) No input driver specified, ignoring this device.
[  4383.615] (II) This device may have been added with another device file.
[  4383.616] (II) config/udev: Adding input device Huion Tablet_GS2402 Pad (/dev/input/event6)
[  4383.616] (**) Huion Tablet_GS2402 Pad: Applying InputClass "evdev tablet catchall"
[  4383.616] (**) Huion Tablet_GS2402 Pad: Applying InputClass "libinput tablet catchall"
[  4383.616] (II) Using input driver 'libinput' for 'Huion Tablet_GS2402 Pad'
[  4383.616] (II) systemd-logind: got fd for /dev/input/event6 13:70 fd 47 paused 0
[  4383.616] (**) Huion Tablet_GS2402 Pad: always reports core events
[  4383.616] (**) Option "Device" "/dev/input/event6"
[  4383.617] (II) event6  - Huion Tablet_GS2402 Pad: is tagged by udev as: Tablet TabletPad
[  4383.635] (II) event6  - Huion Tablet_GS2402 Pad: device is a tablet pad
[  4383.635] (II) event6  - Huion Tablet_GS2402 Pad: device removed
[  4383.635] (**) Option "config_info" "udev:/sys/devices/pci0000:00/0000:00:08.1/0000:09:00.3/usb3/3-4/3-4.4/3-4.4:1.0/0003:256C:006D.0005/input/input8/event6"
[  4383.635] (II) XINPUT: Adding extended input device "Huion Tablet_GS2402 Pad" (type: PAD, id 13)
[  4383.635] (**) Option "AccelerationScheme" "none"
[  4383.635] (**) Huion Tablet_GS2402 Pad: (accel) selected scheme none/0
[  4383.635] (**) Huion Tablet_GS2402 Pad: (accel) acceleration factor: 2.000
[  4383.635] (**) Huion Tablet_GS2402 Pad: (accel) acceleration threshold: 4
[  4383.636] (II) event6  - Huion Tablet_GS2402 Pad: is tagged by udev as: Tablet TabletPad
[  4383.654] (II) event6  - Huion Tablet_GS2402 Pad: device is a tablet pad
[  4383.654] (II) config/udev: Adding input device Huion Tablet_GS2402 Pad (/dev/input/js0)
[  4383.654] (II) No input driver specified, ignoring this device.
[  4383.654] (II) This device may have been added with another device file.
[  4383.655] (II) config/udev: Adding input device Huion Tablet_GS2402 Touch Strip (/dev/input/event7)
[  4383.655] (**) Huion Tablet_GS2402 Touch Strip: Applying InputClass "evdev tablet catchall"
[  4383.655] (**) Huion Tablet_GS2402 Touch Strip: Applying InputClass "libinput tablet catchall"
[  4383.655] (II) Using input driver 'libinput' for 'Huion Tablet_GS2402 Touch Strip'
[  4383.655] (II) systemd-logind: got fd for /dev/input/event7 13:71 fd 48 paused 0
[  4383.655] (**) Huion Tablet_GS2402 Touch Strip: always reports core events
[  4383.655] (**) Option "Device" "/dev/input/event7"
[  4383.656] (II) event7  - Huion Tablet_GS2402 Touch Strip: is tagged by udev as: Tablet
[  4383.656] (EE) event7  - Huion Tablet_GS2402 Touch Strip: libinput bug: missing tablet capabilities: pen btn-stylus resolution. Ignoring this device.
[  4383.656] (II) event7  - Huion Tablet_GS2402 Touch Strip: device is a tablet
[  4383.656] (II) event7  - failed to create input device '/dev/input/event7'.
[  4383.656] (EE) libinput: Huion Tablet_GS2402 Touch Strip: Failed to create a device for /dev/input/event7
[  4383.656] (EE) PreInit returned 2 for "Huion Tablet_GS2402 Touch Strip"
[  4383.656] (II) UnloadModule: "libinput"
[  4383.656] (II) systemd-logind: releasing fd for 13:71
[  4383.672] (II) config/udev: Adding input device Huion Tablet_GS2402 Touch Strip (/dev/input/js1)
[  4383.672] (II) No input driver specified, ignoring this device.
[  4383.672] (II) This device may have been added with another device file.
[  4383.672] (II) config/udev: Adding input device Huion Tablet_GS2402 (/dev/input/event9)
[  4383.672] (**) Huion Tablet_GS2402: Applying InputClass "evdev tablet catchall"
[  4383.672] (**) Huion Tablet_GS2402: Applying InputClass "evdev touchscreen catchall"
[  4383.672] (**) Huion Tablet_GS2402: Applying InputClass "libinput touchscreen catchall"
[  4383.672] (**) Huion Tablet_GS2402: Applying InputClass "libinput tablet catchall"
[  4383.672] (II) Using input driver 'libinput' for 'Huion Tablet_GS2402'
[  4383.724] (II) systemd-logind: got fd for /dev/input/event9 13:73 fd 48 paused 0
[  4383.724] (**) Huion Tablet_GS2402: always reports core events
[  4383.724] (**) Option "Device" "/dev/input/event9"
[  4383.724] (II) event9  - Huion Tablet_GS2402: is tagged by udev as: Touchscreen Tablet
[  4383.724] (II) event9  - Huion Tablet_GS2402: device is a touch device
[  4383.724] (II) event9  - Huion Tablet_GS2402: device removed
[  4383.724] (**) Option "config_info" "udev:/sys/devices/pci0000:00/0000:00:08.1/0000:09:00.3/usb3/3-4/3-4.4/3-4.4:1.1/0003:256C:006D.0006/input/input12/event9"
[  4383.724] (II) XINPUT: Adding extended input device "Huion Tablet_GS2402" (type: TOUCHSCREEN, id 14)
[  4383.724] (**) Option "AccelerationScheme" "none"
[  4383.724] (**) Huion Tablet_GS2402: (accel) selected scheme none/0
[  4383.724] (**) Huion Tablet_GS2402: (accel) acceleration factor: 2.000
[  4383.724] (**) Huion Tablet_GS2402: (accel) acceleration threshold: 4
[  4383.725] (II) event9  - Huion Tablet_GS2402: is tagged by udev as: Touchscreen Tablet
[  4383.725] (II) event9  - Huion Tablet_GS2402: device is a touch device
[  4383.726] (II) config/udev: Adding input device Huion Tablet_GS2402 (/dev/input/mouse3)
[  4383.726] (II) No input driver specified, ignoring this device.
[  4383.726] (II) This device may have been added with another device file.
[  4383.726] (II) config/udev: Adding input device HD-Audio Generic Front Mic (/dev/input/event16)
[  4383.726] (II) No input driver specified, ignoring this device.
[  4383.726] (II) This device may have been added with another device file.
[  4383.726] (II) config/udev: Adding input device HD-Audio Generic Rear Mic (/dev/input/event17)
[  4383.726] (II) No input driver specified, ignoring this device.
[  4383.726] (II) This device may have been added with another device file.
[  4383.726] (II) config/udev: Adding input device HD-Audio Generic Line (/dev/input/event18)
[  4383.726] (II) No input driver specified, ignoring this device.
[  4383.726] (II) This device may have been added with another device file.
[  4383.726] (II) config/udev: Adding input device HD-Audio Generic Line Out Front (/dev/input/event19)
[  4383.726] (II) No input driver specified, ignoring this device.
[  4383.726] (II) This device may have been added with another device file.
[  4383.726] (II) config/udev: Adding input device HD-Audio Generic Line Out Surround (/dev/input/event20)
[  4383.726] (II) No input driver specified, ignoring this device.
[  4383.726] (II) This device may have been added with another device file.
[  4383.727] (II) config/udev: Adding input device HD-Audio Generic Line Out CLFE (/dev/input/event21)
[  4383.727] (II) No input driver specified, ignoring this device.
[  4383.727] (II) This device may have been added with another device file.
[  4383.727] (II) config/udev: Adding input device HD-Audio Generic Front Headphone (/dev/input/event22)
[  4383.727] (II) No input driver specified, ignoring this device.
[  4383.727] (II) This device may have been added with another device file.
[  4383.727] (II) config/udev: Adding input device Eee PC WMI hotkeys (/dev/input/event10)
[  4383.727] (**) Eee PC WMI hotkeys: Applying InputClass "evdev keyboard catchall"
[  4383.727] (**) Eee PC WMI hotkeys: Applying InputClass "libinput keyboard catchall"
[  4383.727] (**) Eee PC WMI hotkeys: Applying InputClass "system-keyboard"
[  4383.727] (II) Using input driver 'libinput' for 'Eee PC WMI hotkeys'
[  4383.727] (II) systemd-logind: got fd for /dev/input/event10 13:74 fd 49 paused 0
[  4383.727] (**) Eee PC WMI hotkeys: always reports core events
[  4383.727] (**) Option "Device" "/dev/input/event10"
[  4383.727] (II) event10 - Eee PC WMI hotkeys: is tagged by udev as: Keyboard
[  4383.727] (II) event10 - Eee PC WMI hotkeys: device is a keyboard
[  4383.728] (II) event10 - Eee PC WMI hotkeys: device removed
[  4383.728] (**) Option "config_info" "udev:/sys/devices/platform/eeepc-wmi/input/input13/event10"
[  4383.728] (II) XINPUT: Adding extended input device "Eee PC WMI hotkeys" (type: KEYBOARD, id 15)
[  4383.728] (**) Option "xkb_layout" "us"
[  4383.728] (II) event10 - Eee PC WMI hotkeys: is tagged by udev as: Keyboard
[  4383.728] (II) event10 - Eee PC WMI hotkeys: device is a keyboard
[  4383.731] (**) HID Keyboard HID Keyboard: Applying InputClass "evdev keyboard catchall"
[  4383.731] (**) HID Keyboard HID Keyboard: Applying InputClass "libinput keyboard catchall"
[  4383.731] (**) HID Keyboard HID Keyboard: Applying InputClass "system-keyboard"
[  4383.731] (II) Using input driver 'libinput' for 'HID Keyboard HID Keyboard'
[  4383.731] (II) systemd-logind: returning pre-existing fd for /dev/input/event3 13:67
[  4383.731] (**) HID Keyboard HID Keyboard: always reports core events
[  4383.731] (**) Option "Device" "/dev/input/event3"
[  4383.731] (II) libinput: HID Keyboard HID Keyboard: is a virtual subdevice
[  4383.731] (**) Option "config_info" "udev:/sys/devices/pci0000:00/0000:00:08.1/0000:09:00.3/usb3/3-1/3-1:1.1/0003:04B4:0510.0002/input/input3/event3"
[  4383.731] (II) XINPUT: Adding extended input device "HID Keyboard HID Keyboard" (type: KEYBOARD, id 16)
[  4383.731] (**) Option "xkb_layout" "us"
[  4393.049] (**) Option "fd" "37"
[  4393.049] (II) event1  - Power Button: device removed
[  4393.049] (**) Option "fd" "40"
[  4393.049] (II) event0  - Power Button: device removed
[  4393.049] (**) Option "fd" "41"
[  4393.049] (II) event11 - HD Pro Webcam C920: device removed
[  4393.049] (**) Option "fd" "42"
[  4393.049] (II) event2  - HID Keyboard HID Keyboard: device removed
[  4393.049] (**) Option "fd" "43"
[  4393.049] (**) Option "fd" "44"
[  4393.049] (II) event4  - Microsoft Microsoft 3-Button Mouse with IntelliEye(TM): device removed
[  4393.049] (**) Option "fd" "45"
[  4393.049] (II) event5  - Huion Tablet_GS2402 Pen: device removed
[  4393.049] (**) Option "fd" "47"
[  4393.049] (II) event6  - Huion Tablet_GS2402 Pad: device removed
[  4393.049] (**) Option "fd" "48"
[  4393.049] (II) event9  - Huion Tablet_GS2402: device removed
[  4393.049] (**) Option "fd" "49"
[  4393.049] (II) event10 - Eee PC WMI hotkeys: device removed
[  4393.049] (**) Option "fd" "43"
[  4393.049] (II) event3  - HID Keyboard HID Keyboard: device removed
[  4393.052] (II) UnloadModule: "libinput"
[  4393.052] (II) systemd-logind: not releasing fd for 13:67, still in use
[  4393.052] (II) UnloadModule: "libinput"
[  4393.052] (II) systemd-logind: releasing fd for 13:74
[  4393.052] (II) UnloadModule: "libinput"
[  4393.052] (II) systemd-logind: releasing fd for 13:73
[  4393.052] (II) UnloadModule: "libinput"
[  4393.052] (II) systemd-logind: releasing fd for 13:70
[  4393.052] (II) UnloadModule: "libinput"
[  4393.052] (II) systemd-logind: releasing fd for 13:69
[  4393.053] (II) UnloadModule: "libinput"
[  4393.053] (II) systemd-logind: releasing fd for 13:68
[  4393.053] (II) UnloadModule: "libinput"
[  4393.053] (II) systemd-logind: releasing fd for 13:67
[  4393.053] (II) UnloadModule: "libinput"
[  4393.053] (II) systemd-logind: releasing fd for 13:66
[  4393.053] (II) UnloadModule: "libinput"
[  4393.053] (II) systemd-logind: releasing fd for 13:75
[  4393.053] (II) UnloadModule: "libinput"
[  4393.053] (II) systemd-logind: releasing fd for 13:64
[  4393.054] (II) UnloadModule: "libinput"
[  4393.054] (II) systemd-logind: releasing fd for 13:65
[  4393.285] (II) NVIDIA(GPU-0): Deleting GPU-0
[  4393.287] (II) Server terminated successfully (0). Closing log file.
